<?xml version="1.0" encoding="UTF-8"?>
<robot generator="Robot 4.1.1 (Python 3.11.4 on win32)" generated="20230713 00:11:20.273" rpa="false" schemaversion="2">
<suite id="s1" name="Tests" source="C:\Users\Sandra Mitsue\Desktop\Q.A_Challenge_20211029\tests.robot">
<test id="s1-t1" name="Cenário 1: Abrir o navegador e verificar se a página inicial carrega corretamente">
<kw name="Dado que estou na página de login https://beta.coodesh.com/auth/signin" library="tests">
<kw name="Open Browser" library="SeleniumLibrary">
<arg>${URL}</arg>
<arg>${BROWSER}</arg>
<doc>Opens a new browser instance to the optional ``url``.</doc>
<msg timestamp="20230713 00:11:21.445" level="INFO">Opening browser 'Chrome' to base url 'https://beta.coodesh.com/auth/signin'.</msg>
<status status="PASS" starttime="20230713 00:11:21.443" endtime="20230713 00:11:26.099"/>
</kw>
<kw name="Maximize Browser Window" library="SeleniumLibrary">
<doc>Maximizes current browser window.</doc>
<status status="PASS" starttime="20230713 00:11:26.099" endtime="20230713 00:11:26.219"/>
</kw>
<kw name="Wait Until Page Contains" library="SeleniumLibrary">
<arg>Performance Cookies</arg>
<arg>5</arg>
<doc>Waits until ``text`` appears on the current page.</doc>
<status status="PASS" starttime="20230713 00:11:26.219" endtime="20230713 00:11:26.920"/>
</kw>
<kw name="Click Button" library="SeleniumLibrary">
<arg>xpath=//*[@id="onetrust-accept-btn-handler"]</arg>
<doc>Clicks the button identified by ``locator``.</doc>
<msg timestamp="20230713 00:11:26.920" level="INFO">Clicking button 'xpath=//*[@id="onetrust-accept-btn-handler"]'.</msg>
<status status="PASS" starttime="20230713 00:11:26.920" endtime="20230713 00:11:27.084"/>
</kw>
<status status="PASS" starttime="20230713 00:11:21.442" endtime="20230713 00:11:27.084"/>
</kw>
<kw name="Então o navegador é aberto e a página inicial carrega corretamente" library="tests">
<kw name="Location Should Be" library="SeleniumLibrary">
<arg>https://beta.coodesh.com/auth/signin</arg>
<doc>Verifies that the current URL is exactly ``url``.</doc>
<msg timestamp="20230713 00:11:27.116" level="INFO">Current location is 'https://beta.coodesh.com/auth/signin'.</msg>
<status status="PASS" starttime="20230713 00:11:27.086" endtime="20230713 00:11:27.116"/>
</kw>
<kw name="Title Should Be" library="SeleniumLibrary">
<arg>Entrar | Coodesh</arg>
<doc>Verifies that the current page title equals ``title``.</doc>
<msg timestamp="20230713 00:11:27.168" level="INFO">Page title is 'Entrar | Coodesh'.</msg>
<status status="PASS" starttime="20230713 00:11:27.117" endtime="20230713 00:11:27.168"/>
</kw>
<status status="PASS" starttime="20230713 00:11:27.085" endtime="20230713 00:11:27.169"/>
</kw>
<status status="PASS" starttime="20230713 00:11:21.439" endtime="20230713 00:11:27.181"/>
</test>
<test id="s1-t2" name="Cenário 2: Navegação do menu de login para a página de criação de conta">
<kw name="Dado que estou na página de login https://beta.coodesh.com/auth/signin" library="tests">
<kw name="Open Browser" library="SeleniumLibrary">
<arg>${URL}</arg>
<arg>${BROWSER}</arg>
<doc>Opens a new browser instance to the optional ``url``.</doc>
<msg timestamp="20230713 00:11:27.210" level="INFO">Opening browser 'Chrome' to base url 'https://beta.coodesh.com/auth/signin'.</msg>
<status status="PASS" starttime="20230713 00:11:27.208" endtime="20230713 00:11:36.677"/>
</kw>
<kw name="Maximize Browser Window" library="SeleniumLibrary">
<doc>Maximizes current browser window.</doc>
<status status="PASS" starttime="20230713 00:11:36.678" endtime="20230713 00:11:36.922"/>
</kw>
<kw name="Wait Until Page Contains" library="SeleniumLibrary">
<arg>Performance Cookies</arg>
<arg>5</arg>
<doc>Waits until ``text`` appears on the current page.</doc>
<status status="PASS" starttime="20230713 00:11:36.922" endtime="20230713 00:11:37.167"/>
</kw>
<kw name="Click Button" library="SeleniumLibrary">
<arg>xpath=//*[@id="onetrust-accept-btn-handler"]</arg>
<doc>Clicks the button identified by ``locator``.</doc>
<msg timestamp="20230713 00:11:37.167" level="INFO">Clicking button 'xpath=//*[@id="onetrust-accept-btn-handler"]'.</msg>
<status status="PASS" starttime="20230713 00:11:37.167" endtime="20230713 00:11:37.405"/>
</kw>
<status status="PASS" starttime="20230713 00:11:27.205" endtime="20230713 00:11:37.405"/>
</kw>
<kw name="Quando clico em &quot;Criar conta&quot;" library="tests">
<kw name="Click Element" library="SeleniumLibrary">
<arg>xpath=//*[@id="content"]/div/div[1]/div/nav/div/div/div[4]/div[1]/a</arg>
<doc>Click the element identified by ``locator``.</doc>
<msg timestamp="20230713 00:11:37.409" level="INFO">Clicking element 'xpath=//*[@id="content"]/div/div[1]/div/nav/div/div/div[4]/div[1]/a'.</msg>
<status status="PASS" starttime="20230713 00:11:37.408" endtime="20230713 00:11:40.362"/>
</kw>
<status status="PASS" starttime="20230713 00:11:37.406" endtime="20230713 00:11:40.362"/>
</kw>
<kw name="Então eu devo ser redirecionada para a página de &quot;cadastre-se&quot;" library="tests">
<kw name="Location Should Be" library="SeleniumLibrary">
<arg>https://beta.coodesh.com/auth/signup/users</arg>
<doc>Verifies that the current URL is exactly ``url``.</doc>
<msg timestamp="20230713 00:11:40.483" level="INFO">Current location is 'https://beta.coodesh.com/auth/signup/users'.</msg>
<status status="PASS" starttime="20230713 00:11:40.365" endtime="20230713 00:11:40.483"/>
</kw>
<kw name="Title Should Be" library="SeleniumLibrary">
<arg>Cadastre-se | Coodesh</arg>
<doc>Verifies that the current page title equals ``title``.</doc>
<msg timestamp="20230713 00:11:41.432" level="INFO">Page title is 'Cadastre-se | Coodesh'.</msg>
<status status="PASS" starttime="20230713 00:11:40.483" endtime="20230713 00:11:41.432"/>
</kw>
<status status="PASS" starttime="20230713 00:11:40.363" endtime="20230713 00:11:41.433"/>
</kw>
<status status="PASS" starttime="20230713 00:11:27.201" endtime="20230713 00:11:41.434"/>
</test>
<test id="s1-t3" name="Cenário 3. Criar uma conta como candidata">
<kw name="Generate Random User Data" library="tests">
<kw name="Name" library="FakerLibrary">
<var>${first_name}</var>
<doc>:example: 'John Doe'</doc>
<msg timestamp="20230713 00:11:41.439" level="INFO">${first_name} = Kevin Carr</msg>
<status status="PASS" starttime="20230713 00:11:41.438" endtime="20230713 00:11:41.439"/>
</kw>
<kw name="Last Name" library="FakerLibrary">
<var>${last_name}</var>
<msg timestamp="20230713 00:11:41.440" level="INFO">${last_name} = Edwards</msg>
<status status="PASS" starttime="20230713 00:11:41.440" endtime="20230713 00:11:41.441"/>
</kw>
<kw name="Email" library="FakerLibrary">
<var>${email}</var>
<msg timestamp="20230713 00:11:41.442" level="INFO">${email} = tanyarowe@example.com</msg>
<status status="PASS" starttime="20230713 00:11:41.441" endtime="20230713 00:11:41.442"/>
</kw>
<kw name="Password" library="FakerLibrary">
<var>${password}</var>
<doc>Generate a random password of the specified ``length``.</doc>
<msg timestamp="20230713 00:11:41.443" level="INFO">${password} = !q8H1Lwu_4</msg>
<status status="PASS" starttime="20230713 00:11:41.442" endtime="20230713 00:11:41.443"/>
</kw>
<kw name="Phone Number" library="FakerLibrary">
<var>${phone}</var>
<msg timestamp="20230713 00:11:41.444" level="INFO">${phone} = 258-508-6454</msg>
<status status="PASS" starttime="20230713 00:11:41.443" endtime="20230713 00:11:41.444"/>
</kw>
<kw name="City" library="FakerLibrary">
<var>${city}</var>
<doc>:example: 'Sashabury'</doc>
<msg timestamp="20230713 00:11:41.445" level="INFO">${city} = West Deanna</msg>
<status status="PASS" starttime="20230713 00:11:41.444" endtime="20230713 00:11:41.445"/>
</kw>
<kw name="Set Suite Variable" library="BuiltIn">
<arg>${NOME_COMPLETO}</arg>
<arg>${first_name} ${last_name}</arg>
<doc>Makes a variable available everywhere within the scope of the current suite.</doc>
<msg timestamp="20230713 00:11:41.448" level="INFO">${NOME_COMPLETO} = Kevin Carr Edwards</msg>
<status status="PASS" starttime="20230713 00:11:41.445" endtime="20230713 00:11:41.448"/>
</kw>
<kw name="Set Suite Variable" library="BuiltIn">
<arg>${EMAIL}</arg>
<arg>${email}</arg>
<doc>Makes a variable available everywhere within the scope of the current suite.</doc>
<msg timestamp="20230713 00:11:41.449" level="INFO">${EMAIL} = tanyarowe@example.com</msg>
<status status="PASS" starttime="20230713 00:11:41.448" endtime="20230713 00:11:41.449"/>
</kw>
<kw name="Set Suite Variable" library="BuiltIn">
<arg>${SENHA}</arg>
<arg>${password}</arg>
<doc>Makes a variable available everywhere within the scope of the current suite.</doc>
<msg timestamp="20230713 00:11:41.452" level="INFO">${SENHA} = !q8H1Lwu_4</msg>
<status status="PASS" starttime="20230713 00:11:41.450" endtime="20230713 00:11:41.452"/>
</kw>
<kw name="Set Suite Variable" library="BuiltIn">
<arg>${PHONE}</arg>
<arg>${phone}</arg>
<doc>Makes a variable available everywhere within the scope of the current suite.</doc>
<msg timestamp="20230713 00:11:41.453" level="INFO">${PHONE} = 258-508-6454</msg>
<status status="PASS" starttime="20230713 00:11:41.453" endtime="20230713 00:11:41.453"/>
</kw>
<kw name="Set Suite Variable" library="BuiltIn">
<arg>${CITY}</arg>
<arg>${city}</arg>
<doc>Makes a variable available everywhere within the scope of the current suite.</doc>
<msg timestamp="20230713 00:11:41.454" level="INFO">${CITY} = West Deanna</msg>
<status status="PASS" starttime="20230713 00:11:41.454" endtime="20230713 00:11:41.454"/>
</kw>
<status status="PASS" starttime="20230713 00:11:41.437" endtime="20230713 00:11:41.455"/>
</kw>
<kw name="Dado que estou na página de cadastre-se https://beta.coodesh.com/auth/signup/users" library="tests">
<kw name="Title Should Be" library="SeleniumLibrary">
<arg>Cadastre-se | Coodesh</arg>
<doc>Verifies that the current page title equals ``title``.</doc>
<msg timestamp="20230713 00:11:41.472" level="INFO">Page title is 'Cadastre-se | Coodesh'.</msg>
<status status="PASS" starttime="20230713 00:11:41.456" endtime="20230713 00:11:41.472"/>
</kw>
<status status="PASS" starttime="20230713 00:11:41.455" endtime="20230713 00:11:41.472"/>
</kw>
<kw name="Quando eu preencho os campos com dados válidos" library="tests">
<kw name="Input Text" library="SeleniumLibrary">
<arg>id=field-6</arg>
<arg>${NOME_COMPLETO}</arg>
<doc>Types the given ``text`` into the text field identified by ``locator``.</doc>
<msg timestamp="20230713 00:11:41.474" level="INFO">Typing text 'Kevin Carr Edwards' into text field 'id=field-6'.</msg>
<status status="PASS" starttime="20230713 00:11:41.474" endtime="20230713 00:11:41.846"/>
</kw>
<kw name="Input Text" library="SeleniumLibrary">
<arg>id=field-7</arg>
<arg>${EMAIL}</arg>
<doc>Types the given ``text`` into the text field identified by ``locator``.</doc>
<msg timestamp="20230713 00:11:41.847" level="INFO">Typing text 'tanyarowe@example.com' into text field 'id=field-7'.</msg>
<status status="PASS" starttime="20230713 00:11:41.846" endtime="20230713 00:11:42.379"/>
</kw>
<kw name="Input Text" library="SeleniumLibrary">
<arg>id=field-8</arg>
<arg>${SENHA}</arg>
<doc>Types the given ``text`` into the text field identified by ``locator``.</doc>
<msg timestamp="20230713 00:11:42.380" level="INFO">Typing text '!q8H1Lwu_4' into text field 'id=field-8'.</msg>
<status status="PASS" starttime="20230713 00:11:42.379" endtime="20230713 00:11:42.684"/>
</kw>
<status status="PASS" starttime="20230713 00:11:41.473" endtime="20230713 00:11:42.684"/>
</kw>
<kw name="E habilito o botão &quot;Li e aceito a Política de Privacidade e os Termos e Condições de uso&quot;" library="tests">
<kw name="Click Element" library="SeleniumLibrary">
<arg>xpath=//*[@id="tabs-12--tabpanel-0"]/div/div[5]/label[1]/span</arg>
<doc>Click the element identified by ``locator``.</doc>
<msg timestamp="20230713 00:11:42.692" level="INFO">Clicking element 'xpath=//*[@id="tabs-12--tabpanel-0"]/div/div[5]/label[1]/span'.</msg>
<status status="PASS" starttime="20230713 00:11:42.692" endtime="20230713 00:11:42.900"/>
</kw>
<status status="PASS" starttime="20230713 00:11:42.691" endtime="20230713 00:11:42.901"/>
</kw>
<kw name="E clico no botão &quot;inscreva-se&quot;" library="tests">
<kw name="Click Button" library="SeleniumLibrary">
<arg>xpath=//*[@id="tabs-12--tabpanel-0"]/div/button[2]</arg>
<doc>Clicks the button identified by ``locator``.</doc>
<msg timestamp="20230713 00:11:42.919" level="INFO">Clicking button 'xpath=//*[@id="tabs-12--tabpanel-0"]/div/button[2]'.</msg>
<status status="PASS" starttime="20230713 00:11:42.918" endtime="20230713 00:11:43.336"/>
</kw>
<status status="PASS" starttime="20230713 00:11:42.916" endtime="20230713 00:11:43.337"/>
</kw>
<kw name="Então devo ser redirecionado para a página de preenchimento do perfil" library="tests">
<kw name="Wait Until Page Contains" library="SeleniumLibrary">
<arg>Dados pessoais</arg>
<arg>10</arg>
<doc>Waits until ``text`` appears on the current page.</doc>
<status status="PASS" starttime="20230713 00:11:43.341" endtime="20230713 00:11:58.304"/>
</kw>
<kw name="Title Should Be" library="SeleniumLibrary">
<arg>Dados pessoais | Coodesh</arg>
<doc>Verifies that the current page title equals ``title``.</doc>
<msg timestamp="20230713 00:11:58.321" level="INFO">Page title is 'Dados pessoais | Coodesh'.</msg>
<status status="PASS" starttime="20230713 00:11:58.304" endtime="20230713 00:11:58.321"/>
</kw>
<status status="PASS" starttime="20230713 00:11:43.340" endtime="20230713 00:11:58.322"/>
</kw>
<status status="PASS" starttime="20230713 00:11:41.436" endtime="20230713 00:11:58.323"/>
</test>
<test id="s1-t4" name="Cenário 4. Acessar a página de Preenchimento do Perfil">
<kw name="Dado que estou na página de onboarding" library="tests">
<kw name="Wait Until Page Contains" library="SeleniumLibrary">
<arg>Dados pessoais</arg>
<arg>10</arg>
<doc>Waits until ``text`` appears on the current page.</doc>
<status status="PASS" starttime="20230713 00:11:58.329" endtime="20230713 00:11:58.414"/>
</kw>
<kw name="Title Should Be" library="SeleniumLibrary">
<arg>Dados pessoais | Coodesh</arg>
<doc>Verifies that the current page title equals ``title``.</doc>
<msg timestamp="20230713 00:11:58.443" level="INFO">Page title is 'Dados pessoais | Coodesh'.</msg>
<status status="PASS" starttime="20230713 00:11:58.415" endtime="20230713 00:11:58.443"/>
</kw>
<status status="PASS" starttime="20230713 00:11:58.329" endtime="20230713 00:11:58.443"/>
</kw>
<kw name="Quando eu preencho os campos" library="tests">
<kw name="Scroll Element Into View" library="SeleniumLibrary">
<arg>xpath=//*[@id="__next"]/div[3]/div/div/div/div/div[1]/form/div[4]/div[1]/div[1]/div[1]/div[1]</arg>
<doc>Scrolls the element identified by ``locator`` into view.</doc>
<status status="PASS" starttime="20230713 00:11:58.445" endtime="20230713 00:11:58.816"/>
</kw>
<kw name="Click Element" library="SeleniumLibrary">
<arg>css:form &gt; div &gt; div:nth-child(7)</arg>
<doc>Click the element identified by ``locator``.</doc>
<msg timestamp="20230713 00:11:58.817" level="INFO">Clicking element 'css:form &gt; div &gt; div:nth-child(7)'.</msg>
<status status="PASS" starttime="20230713 00:11:58.816" endtime="20230713 00:11:58.967"/>
</kw>
<kw name="Scroll Element Into View" library="SeleniumLibrary">
<arg>xpath=//*[@id="__next"]/div[3]/div/div/div/div/div[1]/form/div[5]/div[2]/label</arg>
<doc>Scrolls the element identified by ``locator`` into view.</doc>
<status status="PASS" starttime="20230713 00:11:58.967" endtime="20230713 00:11:59.291"/>
</kw>
<kw name="Wait Until Element Is Visible" library="SeleniumLibrary">
<arg>css:form div.form-text.text-muted &gt; div &gt; span:nth-child(1)</arg>
<doc>Waits until the element ``locator`` is visible.</doc>
<status status="PASS" starttime="20230713 00:11:59.291" endtime="20230713 00:12:00.581"/>
</kw>
<kw name="Click Element" library="SeleniumLibrary">
<arg>css:form div.form-text.text-muted &gt; div &gt; span:nth-child(1)</arg>
<doc>Click the element identified by ``locator``.</doc>
<msg timestamp="20230713 00:12:00.583" level="INFO">Clicking element 'css:form div.form-text.text-muted &gt; div &gt; span:nth-child(1)'.</msg>
<status status="PASS" starttime="20230713 00:12:00.581" endtime="20230713 00:12:00.694"/>
</kw>
<kw name="Scroll Element Into View" library="SeleniumLibrary">
<arg>css:#__next &gt; div.container.space-bottom-3.space-top-2.container &gt; div &gt; div &gt; div &gt; div &gt; div.fade.p-0.tab-pane.active.show &gt; form &gt; div:nth-child(6) &gt; div:nth-child(2) &gt; div:nth-child(3) &gt; small &gt; div &gt; label</arg>
<doc>Scrolls the element identified by ``locator`` into view.</doc>
<status status="PASS" starttime="20230713 00:12:00.694" endtime="20230713 00:12:01.011"/>
</kw>
<kw name="Press Keys" library="SeleniumLibrary">
<arg>css:#__next &gt; div.container.space-bottom-3.space-top-2.container &gt; div &gt; div &gt; div &gt; div &gt; div.fade.p-0.tab-pane.active.show &gt; form &gt; div:nth-child(5) &gt; div.mb-7.mt-3.form-group.col-lg-12.col-sm-6.col-12 &gt; div &gt; div.rc-slider-handle</arg>
<arg>\ue014</arg>
<doc>Simulates the user pressing key(s) to an element or on the active browser.</doc>
<msg timestamp="20230713 00:12:01.012" level="INFO">Sending key(s) ('\ue014',) to css:#__next &gt; div.container.space-bottom-3.space-top-2.container &gt; div &gt; div &gt; div &gt; div &gt; div.fade.p-0.tab-pane.active.show &gt; form &gt; div:nth-child(5) &gt; div.mb-7.mt-3.form-group.col-lg-12.col-sm-6.col-12 &gt; div &gt; div.rc-slider-handle element.</msg>
<msg timestamp="20230713 00:12:01.374" level="INFO">Sending key </msg>
<status status="PASS" starttime="20230713 00:12:01.011" endtime="20230713 00:12:01.424"/>
</kw>
<kw name="Click Element" library="SeleniumLibrary">
<arg>xpath=/html/body/div[1]/div[3]/div/div/div/div/div[1]/form/div[5]/div[1]/select</arg>
<doc>Click the element identified by ``locator``.</doc>
<msg timestamp="20230713 00:12:01.425" level="INFO">Clicking element 'xpath=/html/body/div[1]/div[3]/div/div/div/div/div[1]/form/div[5]/div[1]/select'.</msg>
<status status="PASS" starttime="20230713 00:12:01.424" endtime="20230713 00:12:01.898"/>
</kw>
<kw name="Click Element" library="SeleniumLibrary">
<arg>xpath=/html/body/div[1]/div[3]/div/div/div/div/div[1]/form/div[5]/div[1]/select/option[3]</arg>
<doc>Click the element identified by ``locator``.</doc>
<msg timestamp="20230713 00:12:01.899" level="INFO">Clicking element 'xpath=/html/body/div[1]/div[3]/div/div/div/div/div[1]/form/div[5]/div[1]/select/option[3]'.</msg>
<status status="PASS" starttime="20230713 00:12:01.898" endtime="20230713 00:12:02.209"/>
</kw>
<kw name="Input Text" library="SeleniumLibrary">
<arg>xpath=/html/body/div[1]/div[3]/div/div/div/div/div[1]/form/div[5]/div[2]/div[1]/div[1]/input</arg>
<arg>12999999999</arg>
<doc>Types the given ``text`` into the text field identified by ``locator``.</doc>
<msg timestamp="20230713 00:12:02.210" level="INFO">Typing text '12999999999' into text field 'xpath=/html/body/div[1]/div[3]/div/div/div/div/div[1]/form/div[5]/div[2]/div[1]/div[1]/input'.</msg>
<status status="PASS" starttime="20230713 00:12:02.209" endtime="20230713 00:12:02.849"/>
</kw>
<kw name="Input Text" library="SeleniumLibrary">
<arg>xpath=/html/body/div[1]/div[3]/div/div/div/div/div[1]/form/div[5]/div[3]/div[1]/input</arg>
<arg>${city}</arg>
<doc>Types the given ``text`` into the text field identified by ``locator``.</doc>
<msg timestamp="20230713 00:12:02.850" level="INFO">Typing text 'West Deanna' into text field 'xpath=/html/body/div[1]/div[3]/div/div/div/div/div[1]/form/div[5]/div[3]/div[1]/input'.</msg>
<status status="PASS" starttime="20230713 00:12:02.850" endtime="20230713 00:12:03.232"/>
</kw>
<kw name="Scroll Element Into View" library="SeleniumLibrary">
<arg>xpath=/html/body/div[1]/div[3]/div/div/div/div/div[1]/form/div[7]</arg>
<doc>Scrolls the element identified by ``locator`` into view.</doc>
<status status="PASS" starttime="20230713 00:12:03.232" endtime="20230713 00:12:03.617"/>
</kw>
<kw name="Click Element" library="SeleniumLibrary">
<arg>xpath=/html/body/div[1]/div[3]/div/div/div/div/div[1]/form/div[6]/div/div[1]</arg>
<doc>Click the element identified by ``locator``.</doc>
<msg timestamp="20230713 00:12:03.618" level="INFO">Clicking element 'xpath=/html/body/div[1]/div[3]/div/div/div/div/div[1]/form/div[6]/div/div[1]'.</msg>
<status status="PASS" starttime="20230713 00:12:03.618" endtime="20230713 00:12:04.098"/>
</kw>
<status status="PASS" starttime="20230713 00:11:58.445" endtime="20230713 00:12:04.098"/>
</kw>
<kw name="E clico no botão &quot;Próximo&quot;" library="tests">
<kw name="Click Button" library="SeleniumLibrary">
<arg>xpath=/html/body/div[1]/div[4]/div/div/div/div/button</arg>
<doc>Clicks the button identified by ``locator``.</doc>
<msg timestamp="20230713 00:12:04.106" level="INFO">Clicking button 'xpath=/html/body/div[1]/div[4]/div/div/div/div/button'.</msg>
<status status="PASS" starttime="20230713 00:12:04.106" endtime="20230713 00:12:04.758"/>
</kw>
<status status="PASS" starttime="20230713 00:12:04.105" endtime="20230713 00:12:04.759"/>
</kw>
<kw name="E preencho os dados da próxima página" library="tests">
<kw name="Click Element" library="SeleniumLibrary">
<arg>xpath=/html/body/div[1]/div[3]/div/div/div/div/div[2]/form/div[1]/div[3]/div/div[1]/div[1]/div[1]</arg>
<doc>Click the element identified by ``locator``.</doc>
<msg timestamp="20230713 00:12:04.797" level="INFO">Clicking element 'xpath=/html/body/div[1]/div[3]/div/div/div/div/div[2]/form/div[1]/div[3]/div/div[1]/div[1]/div[1]'.</msg>
<msg timestamp="20230713 00:12:06.707" level="INFO" html="true">&lt;/td&gt;&lt;/tr&gt;&lt;tr&gt;&lt;td colspan="3"&gt;&lt;a href="selenium-screenshot-54.png"&gt;&lt;img src="selenium-screenshot-54.png" width="800px"&gt;&lt;/a&gt;</msg>
<msg timestamp="20230713 00:12:06.725" level="FAIL">ElementClickInterceptedException: Message: element click intercepted: Element &lt;div class=" css-1wa3eu0-placeholder" style="opacity: 1; transition: opacity 260ms ease 0s;"&gt;...&lt;/div&gt; is not clickable at point (179, 447). Other element would receive the click: &lt;div class="border-top bg-white py-3 position-fixed left-0 bottom-0 right-0" style="z-index: 10;"&gt;...&lt;/div&gt;
  (Session info: chrome=114.0.5735.199)
Stacktrace:
Backtrace:
	GetHandleVerifier [0x00D1A813+48355]
	(No symbol) [0x00CAC4B1]
	(No symbol) [0x00BB5358]
	(No symbol) [0x00BE5062]
	(No symbol) [0x00BE3B98]
	(No symbol) [0x00BE239B]
	(No symbol) [0x00BE179E]
	(No symbol) [0x00BD9F5C]
	(No symbol) [0x00BFA73C]
	(No symbol) [0x00BD9A36]
	(No symbol) [0x00BFAA94]
	(No symbol) [0x00C0C922]
	(No symbol) [0x00BFA536]
	(No symbol) [0x00BD82DC]
	(No symbol) [0x00BD93DD]
	GetHandleVerifier [0x00F7AABD+2539405]
	GetHandleVerifier [0x00FBA78F+2800735]
	GetHandleVerifier [0x00FB456C+2775612]
	GetHandleVerifier [0x00DA51E0+616112]
	(No symbol) [0x00CB5F8C]
	(No symbol) [0x00CB2328]
	(No symbol) [0x00CB240B]
	(No symbol) [0x00CA4FF7]
	BaseThreadInitThunk [0x760500C9+25]
	RtlGetAppContainerNamedObjectPath [0x77677B4E+286]
	RtlGetAppContainerNamedObjectPath [0x77677B1E+238]
</msg>
<status status="FAIL" starttime="20230713 00:12:04.796" endtime="20230713 00:12:06.725"/>
</kw>
<kw name="Scroll Element Into View" library="SeleniumLibrary">
<arg>xpath=/html/body/div[1]/div[3]/div/div/div/div/div[2]/form/div[1]/div[3]/label</arg>
<doc>Scrolls the element identified by ``locator`` into view.</doc>
<status status="NOT RUN" starttime="20230713 00:12:06.726" endtime="20230713 00:12:06.727"/>
</kw>
<kw name="Click Element" library="SeleniumLibrary">
<arg>xpath=/html/body/div[1]/div[3]/div/div/div/div/div[2]/form/div[1]/div[4]/select/option[5]</arg>
<doc>Click the element identified by ``locator``.</doc>
<status status="NOT RUN" starttime="20230713 00:12:06.727" endtime="20230713 00:12:06.727"/>
</kw>
<kw name="Click Element" library="SeleniumLibrary">
<arg>xpath=/html/body/div[1]/div[3]/div/div/div/div/div[2]/form/div[1]/div[5]/select/option[3]</arg>
<doc>Click the element identified by ``locator``.</doc>
<status status="NOT RUN" starttime="20230713 00:12:06.727" endtime="20230713 00:12:06.728"/>
</kw>
<kw name="Click Element" library="SeleniumLibrary">
<arg>xpath=/html/body/div[1]/div[3]/div/div/div/div/div[2]/form/div[1]/div[6]/select/option[2]</arg>
<doc>Click the element identified by ``locator``.</doc>
<status status="NOT RUN" starttime="20230713 00:12:06.728" endtime="20230713 00:12:06.728"/>
</kw>
<kw name="Scroll Element Into View" library="SeleniumLibrary">
<arg>xpath=/html/body/div[1]/div[3]/div/div/div/div/div[2]/form/div[2]/div/label</arg>
<doc>Scrolls the element identified by ``locator`` into view.</doc>
<status status="NOT RUN" starttime="20230713 00:12:06.728" endtime="20230713 00:12:06.728"/>
</kw>
<kw name="Click Element" library="SeleniumLibrary">
<arg>xpath=/html/body/div[1]/div[3]/div/div/div/div/div[2]/form/div[2]/div/select/option[2]</arg>
<doc>Click the element identified by ``locator``.</doc>
<status status="NOT RUN" starttime="20230713 00:12:06.729" endtime="20230713 00:12:06.729"/>
</kw>
<kw name="Click Element" library="SeleniumLibrary">
<arg>xpath=/html/body/div[1]/div[4]/div/div/div/div/button[2]</arg>
<doc>Click the element identified by ``locator``.</doc>
<status status="NOT RUN" starttime="20230713 00:12:06.730" endtime="20230713 00:12:06.730"/>
</kw>
<status status="FAIL" starttime="20230713 00:12:04.796" endtime="20230713 00:12:06.731"/>
</kw>
<status status="FAIL" starttime="20230713 00:11:58.327" endtime="20230713 00:12:06.737">ElementClickInterceptedException: Message: element click intercepted: Element &lt;div class=" css-1wa3eu0-placeholder" style="opacity: 1; transition: opacity 260ms ease 0s;"&gt;...&lt;/div&gt; is not clickable at point (179, 447). Other element would receive the click: &lt;div class="border-top bg-white py-3 position-fixed left-0 bottom-0 right-0" style="z-index: 10;"&gt;...&lt;/div&gt;
  (Session info: chrome=114.0.5735.199)
Stacktrace:
Backtrace:
	GetHandleVerifier [0x00D1A813+48355]
	(No symbol) [0x00CAC4B1]
	(No symbol) [0x00BB5358]
	(No symbol) [0x00BE5062]
	(No symbol) [0x00BE3B98]
	(No symbol) [0x00BE239B]
	(No symbol) [0x00BE179E]
	(No symbol) [0x00BD9F5C]
	(No symbol) [0x00BFA73C]
	(No symbol) [0x00BD9A36]
	(No symbol) [0x00BFAA94]
	(No symbol) [0x00C0C922]
	(No symbol) [0x00BFA536]
	(No symbol) [0x00BD82DC]
	(No symbol) [0x00BD93DD]
	GetHandleVerifier [0x00F7AABD+2539405]
	GetHandleVerifier [0x00FBA78F+2800735]
	GetHandleVerifier [0x00FB456C+2775612]
	GetHandleVerifier [0x00DA51E0+616112]
	(No symbol) [0x00CB5F8C]
	(No symbol) [0x00CB2328]
	(No symbol) [0x00CB240B]
	(No symbol) [0x00CA4FF7]
	BaseThreadInitThunk [0x760500C9+25]
	RtlGetAppContainerNamedObjectPath [0x77677B4E+286]
	RtlGetAppContainerNamedObjectPath [0x77677B1E+238]
</status>
</test>
<status status="FAIL" starttime="20230713 00:11:20.275" endtime="20230713 00:12:06.770"/>
</suite>
<statistics>
<total>
<stat pass="3" fail="1" skip="0">All Tests</stat>
</total>
<tag>
</tag>
<suite>
<stat pass="3" fail="1" skip="0" id="s1" name="Tests">Tests</stat>
</suite>
</statistics>
<errors>
</errors>
</robot>
